2019-10-23 16:56:41,783  Using selector: SelectSelector
2019-10-23 16:56:41,785  client - state = CONNECTING
2019-10-23 16:56:41,785  client - event = connection_made(<_SelectorSocketTransport fd=620 read=idle write=<idle, bufsize=0>>)
2019-10-23 16:56:41,785  client > GET /ws/chat/1/ HTTP/1.1
2019-10-23 16:56:41,785  client > Headers([('Host', '127.0.0.1:8000'), ('Upgrade', 'websocket'), ('Connection', 'Upgrade'), ('Sec-WebSocket-Key', 'd/KvoSqLPA2XIVfJKc/waA=='), ('Sec-WebSocket-Version', '13'), ('Sec-WebSocket-Extensions', 'permessage-deflate; client_max_window_bits'), ('User-Agent', 'Python/3.7 websockets/8.0.2')])
2019-10-23 16:56:41,792  client < HTTP/1.1 101 Switching Protocols
2019-10-23 16:56:41,792  client < Headers([('Server', 'Daphne'), ('Upgrade', 'WebSocket'), ('Connection', 'Upgrade'), ('Sec-WebSocket-Accept', 'vN0wmrrZy7uuz2xMUGWuzSgylWU=')])
2019-10-23 16:56:41,793  client - state = OPEN
2019-10-23 16:56:46,514  client < Frame(fin=True, opcode=1, data=b'{"message": "\\"c78fc0ca8148558d2bb2db71a177e484\\""}', rsv1=False, rsv2=False, rsv3=False)
2019-10-23 16:56:46,514  Opening door
2019-10-23 16:56:46,515  client - state = CLOSING
2019-10-23 16:56:46,515  client > Frame(fin=True, opcode=8, data=b'\x03\xe8', rsv1=False, rsv2=False, rsv3=False)
2019-10-23 16:56:46,516  client < Frame(fin=True, opcode=8, data=b'\x03\xe8', rsv1=False, rsv2=False, rsv3=False)
2019-10-23 16:56:46,517  client - event = eof_received()
2019-10-23 16:56:46,517  client - event = connection_lost(None)
2019-10-23 16:56:46,517  client - state = CLOSED
2019-10-23 16:56:46,517  client x code = 1000, reason = [no reason]
2019-10-23 16:56:46,518  client - state = CONNECTING
2019-10-23 16:56:46,518  client - event = connection_made(<_SelectorSocketTransport fd=620 read=idle write=<idle, bufsize=0>>)
2019-10-23 16:56:46,519  client > GET /ws/chat/1/ HTTP/1.1
2019-10-23 16:56:46,519  client > Headers([('Host', '127.0.0.1:8000'), ('Upgrade', 'websocket'), ('Connection', 'Upgrade'), ('Sec-WebSocket-Key', 'lclwMjVhp3RwWuqlAULZgA=='), ('Sec-WebSocket-Version', '13'), ('Sec-WebSocket-Extensions', 'permessage-deflate; client_max_window_bits'), ('User-Agent', 'Python/3.7 websockets/8.0.2')])
2019-10-23 16:56:46,542  client < HTTP/1.1 101 Switching Protocols
2019-10-23 16:56:46,543  client < Headers([('Server', 'Daphne'), ('Upgrade', 'WebSocket'), ('Connection', 'Upgrade'), ('Sec-WebSocket-Accept', 'FJeRkr9Z6KiKqwZwNduw2owqT5I=')])
2019-10-23 16:56:46,543  client - state = OPEN
2019-10-23 16:57:06,544  client > Frame(fin=True, opcode=9, data=b'\xfeZl\x1e', rsv1=False, rsv2=False, rsv3=False)
2019-10-23 16:57:06,545  client < Frame(fin=True, opcode=10, data=b'\xfeZl\x1e', rsv1=False, rsv2=False, rsv3=False)
2019-10-23 16:57:06,546  client - received solicited pong: fe5a6c1e
2019-10-23 16:57:06,906  client < Frame(fin=True, opcode=9, data=b'cMjI', rsv1=False, rsv2=False, rsv3=False)
2019-10-23 16:57:06,906  client - received ping, sending pong: 634d6a49
2019-10-23 16:57:06,906  client > Frame(fin=True, opcode=10, data=b'cMjI', rsv1=False, rsv2=False, rsv3=False)
2019-10-23 16:57:26,549  client > Frame(fin=True, opcode=9, data=b'\xabxa\x05', rsv1=False, rsv2=False, rsv3=False)
2019-10-23 16:57:26,550  client < Frame(fin=True, opcode=10, data=b'\xabxa\x05', rsv1=False, rsv2=False, rsv3=False)
2019-10-23 16:57:26,551  client - received solicited pong: ab786105
2019-10-23 16:57:26,907  client < Frame(fin=True, opcode=9, data=b'SXeS', rsv1=False, rsv2=False, rsv3=False)
2019-10-23 16:57:26,907  client - received ping, sending pong: 53586553
2019-10-23 16:57:26,907  client > Frame(fin=True, opcode=10, data=b'SXeS', rsv1=False, rsv2=False, rsv3=False)
2019-10-23 16:57:46,550  client > Frame(fin=True, opcode=9, data=b'\xfaL\x90\xca', rsv1=False, rsv2=False, rsv3=False)
2019-10-23 16:57:46,552  client < Frame(fin=True, opcode=10, data=b'\xfaL\x90\xca', rsv1=False, rsv2=False, rsv3=False)
2019-10-23 16:57:46,552  client - received solicited pong: fa4c90ca
2019-10-23 16:57:46,912  client < Frame(fin=True, opcode=9, data=b'qia/', rsv1=False, rsv2=False, rsv3=False)
2019-10-23 16:57:46,912  client - received ping, sending pong: 7169612f
2019-10-23 16:57:46,912  client > Frame(fin=True, opcode=10, data=b'qia/', rsv1=False, rsv2=False, rsv3=False)
2019-10-23 16:58:06,555  client > Frame(fin=True, opcode=9, data=b'\xd7\xe2\xca\xc5', rsv1=False, rsv2=False, rsv3=False)
2019-10-23 16:58:06,556  client < Frame(fin=True, opcode=10, data=b'\xd7\xe2\xca\xc5', rsv1=False, rsv2=False, rsv3=False)
2019-10-23 16:58:06,557  client - received solicited pong: d7e2cac5
2019-10-23 16:58:06,917  client < Frame(fin=True, opcode=9, data=b'hgbC', rsv1=False, rsv2=False, rsv3=False)
2019-10-23 16:58:06,917  client - received ping, sending pong: 68676243
2019-10-23 16:58:06,918  client > Frame(fin=True, opcode=10, data=b'hgbC', rsv1=False, rsv2=False, rsv3=False)
2019-10-23 16:58:26,558  client > Frame(fin=True, opcode=9, data=b'e\x81\xd7y', rsv1=False, rsv2=False, rsv3=False)
2019-10-23 16:58:26,559  client < Frame(fin=True, opcode=10, data=b'e\x81\xd7y', rsv1=False, rsv2=False, rsv3=False)
2019-10-23 16:58:26,560  client - received solicited pong: 6581d779
2019-10-23 16:58:26,921  client < Frame(fin=True, opcode=9, data=b'Ns3R', rsv1=False, rsv2=False, rsv3=False)
2019-10-23 16:58:26,921  client - received ping, sending pong: 4e733352
2019-10-23 16:58:26,921  client > Frame(fin=True, opcode=10, data=b'Ns3R', rsv1=False, rsv2=False, rsv3=False)
2019-10-23 16:58:46,563  client > Frame(fin=True, opcode=9, data=b'\xf7\x1c9.', rsv1=False, rsv2=False, rsv3=False)
2019-10-23 16:58:46,564  client < Frame(fin=True, opcode=10, data=b'\xf7\x1c9.', rsv1=False, rsv2=False, rsv3=False)
2019-10-23 16:58:46,564  client - received solicited pong: f71c392e
2019-10-23 16:58:46,939  client < Frame(fin=True, opcode=9, data=b'LP3v', rsv1=False, rsv2=False, rsv3=False)
2019-10-23 16:58:46,939  client - received ping, sending pong: 4c503376
2019-10-23 16:58:46,939  client > Frame(fin=True, opcode=10, data=b'LP3v', rsv1=False, rsv2=False, rsv3=False)
2019-10-23 16:59:06,565  client > Frame(fin=True, opcode=9, data=b'\xf3`K~', rsv1=False, rsv2=False, rsv3=False)
2019-10-23 16:59:06,565  client < Frame(fin=True, opcode=10, data=b'\xf3`K~', rsv1=False, rsv2=False, rsv3=False)
2019-10-23 16:59:06,566  client - received solicited pong: f3604b7e
2019-10-23 16:59:06,942  client < Frame(fin=True, opcode=9, data=b'TV8Y', rsv1=False, rsv2=False, rsv3=False)
2019-10-23 16:59:06,942  client - received ping, sending pong: 54563859
2019-10-23 16:59:06,942  client > Frame(fin=True, opcode=10, data=b'TV8Y', rsv1=False, rsv2=False, rsv3=False)
2019-10-23 16:59:26,568  client > Frame(fin=True, opcode=9, data=b'\x9b\xdf\x96\xc3', rsv1=False, rsv2=False, rsv3=False)
2019-10-23 16:59:26,570  client < Frame(fin=True, opcode=10, data=b'\x9b\xdf\x96\xc3', rsv1=False, rsv2=False, rsv3=False)
2019-10-23 16:59:26,570  client - received solicited pong: 9bdf96c3
2019-10-23 16:59:26,945  client < Frame(fin=True, opcode=9, data=b'g0UT', rsv1=False, rsv2=False, rsv3=False)
2019-10-23 16:59:26,945  client - received ping, sending pong: 67305554
2019-10-23 16:59:26,946  client > Frame(fin=True, opcode=10, data=b'g0UT', rsv1=False, rsv2=False, rsv3=False)
2019-10-23 16:59:46,572  client > Frame(fin=True, opcode=9, data=b'\x9e~#\x17', rsv1=False, rsv2=False, rsv3=False)
2019-10-23 16:59:46,572  client < Frame(fin=True, opcode=10, data=b'\x9e~#\x17', rsv1=False, rsv2=False, rsv3=False)
2019-10-23 16:59:46,573  client - received solicited pong: 9e7e2317
2019-10-23 16:59:48,945  client < Frame(fin=True, opcode=9, data=b'lwSI', rsv1=False, rsv2=False, rsv3=False)
2019-10-23 16:59:48,945  client - received ping, sending pong: 6c775349
2019-10-23 16:59:48,945  client > Frame(fin=True, opcode=10, data=b'lwSI', rsv1=False, rsv2=False, rsv3=False)
2019-10-23 17:00:06,588  client > Frame(fin=True, opcode=9, data=b'<\xc9(V', rsv1=False, rsv2=False, rsv3=False)
2019-10-23 17:00:06,588  client < Frame(fin=True, opcode=10, data=b'<\xc9(V', rsv1=False, rsv2=False, rsv3=False)
2019-10-23 17:00:06,589  client - received solicited pong: 3cc92856
2019-10-23 17:00:10,946  client < Frame(fin=True, opcode=9, data=b'gL0Q', rsv1=False, rsv2=False, rsv3=False)
2019-10-23 17:00:10,946  client - received ping, sending pong: 674c3051
2019-10-23 17:00:10,946  client > Frame(fin=True, opcode=10, data=b'gL0Q', rsv1=False, rsv2=False, rsv3=False)
2019-10-23 17:00:26,604  client > Frame(fin=True, opcode=9, data=b'\x7f\xda\x11\xa3', rsv1=False, rsv2=False, rsv3=False)
2019-10-23 17:00:26,606  client < Frame(fin=True, opcode=10, data=b'\x7f\xda\x11\xa3', rsv1=False, rsv2=False, rsv3=False)
2019-10-23 17:00:26,606  client - received solicited pong: 7fda11a3
2019-10-23 17:00:30,948  client < Frame(fin=True, opcode=9, data=b'ecTo', rsv1=False, rsv2=False, rsv3=False)
2019-10-23 17:00:30,948  client - received ping, sending pong: 6563546f
2019-10-23 17:00:30,948  client > Frame(fin=True, opcode=10, data=b'ecTo', rsv1=False, rsv2=False, rsv3=False)
2019-10-23 17:00:46,605  client > Frame(fin=True, opcode=9, data=b'l\x811n', rsv1=False, rsv2=False, rsv3=False)
2019-10-23 17:00:46,607  client < Frame(fin=True, opcode=10, data=b'l\x811n', rsv1=False, rsv2=False, rsv3=False)
2019-10-23 17:00:46,607  client - received solicited pong: 6c81316e
2019-10-23 17:00:52,930  client < Frame(fin=True, opcode=9, data=b'hUZc', rsv1=False, rsv2=False, rsv3=False)
2019-10-23 17:00:52,931  client - received ping, sending pong: 68555a63
2019-10-23 17:00:52,931  client > Frame(fin=True, opcode=10, data=b'hUZc', rsv1=False, rsv2=False, rsv3=False)
2019-10-23 17:01:06,603  client > Frame(fin=True, opcode=9, data=b'\x9d.K\xe4', rsv1=False, rsv2=False, rsv3=False)
2019-10-23 17:01:06,604  client < Frame(fin=True, opcode=10, data=b'\x9d.K\xe4', rsv1=False, rsv2=False, rsv3=False)
2019-10-23 17:01:06,605  client - received solicited pong: 9d2e4be4
2019-10-23 17:01:14,930  client < Frame(fin=True, opcode=9, data=b'gGSx', rsv1=False, rsv2=False, rsv3=False)
2019-10-23 17:01:14,930  client - received ping, sending pong: 67475378
2019-10-23 17:01:14,930  client > Frame(fin=True, opcode=10, data=b'gGSx', rsv1=False, rsv2=False, rsv3=False)
2019-10-23 17:01:26,618  client > Frame(fin=True, opcode=9, data=b'\xd2\xfb\x0b\xda', rsv1=False, rsv2=False, rsv3=False)
2019-10-23 17:01:26,619  client < Frame(fin=True, opcode=10, data=b'\xd2\xfb\x0b\xda', rsv1=False, rsv2=False, rsv3=False)
2019-10-23 17:01:26,619  client - received solicited pong: d2fb0bda
2019-10-23 17:01:34,938  client < Frame(fin=True, opcode=9, data=b'w9Dy', rsv1=False, rsv2=False, rsv3=False)
2019-10-23 17:01:34,938  client - received ping, sending pong: 77394479
2019-10-23 17:01:34,939  client > Frame(fin=True, opcode=10, data=b'w9Dy', rsv1=False, rsv2=False, rsv3=False)
2019-10-23 17:01:46,627  client > Frame(fin=True, opcode=9, data=b'S\x8e\xc5\x0e', rsv1=False, rsv2=False, rsv3=False)
2019-10-23 17:01:46,629  client < Frame(fin=True, opcode=10, data=b'S\x8e\xc5\x0e', rsv1=False, rsv2=False, rsv3=False)
2019-10-23 17:01:46,629  client - received solicited pong: 538ec50e
2019-10-23 17:01:54,941  client < Frame(fin=True, opcode=9, data=b'L5F7', rsv1=False, rsv2=False, rsv3=False)
2019-10-23 17:01:54,941  client - received ping, sending pong: 4c354637
2019-10-23 17:01:54,941  client > Frame(fin=True, opcode=10, data=b'L5F7', rsv1=False, rsv2=False, rsv3=False)
2019-10-23 17:02:06,630  client > Frame(fin=True, opcode=9, data=b'D\xa8k\xca', rsv1=False, rsv2=False, rsv3=False)
2019-10-23 17:02:06,631  client < Frame(fin=True, opcode=10, data=b'D\xa8k\xca', rsv1=False, rsv2=False, rsv3=False)
2019-10-23 17:02:06,632  client - received solicited pong: 44a86bca
2019-10-23 17:02:14,946  client < Frame(fin=True, opcode=9, data=b'5XtY', rsv1=False, rsv2=False, rsv3=False)
2019-10-23 17:02:14,946  client - received ping, sending pong: 35587459
2019-10-23 17:02:14,946  client > Frame(fin=True, opcode=10, data=b'5XtY', rsv1=False, rsv2=False, rsv3=False)
2019-10-23 17:02:26,620  client > Frame(fin=True, opcode=9, data=b'=\xba\xc4\xd4', rsv1=False, rsv2=False, rsv3=False)
2019-10-23 17:02:26,620  client < Frame(fin=True, opcode=10, data=b'=\xba\xc4\xd4', rsv1=False, rsv2=False, rsv3=False)
2019-10-23 17:02:26,621  client - received solicited pong: 3dbac4d4
2019-10-23 17:02:36,939  client < Frame(fin=True, opcode=9, data=b'q/sI', rsv1=False, rsv2=False, rsv3=False)
2019-10-23 17:02:36,939  client - received ping, sending pong: 712f7349
2019-10-23 17:02:36,940  client > Frame(fin=True, opcode=10, data=b'q/sI', rsv1=False, rsv2=False, rsv3=False)
2019-10-23 17:02:46,629  client > Frame(fin=True, opcode=9, data=b'.\x83\x8e\xf3', rsv1=False, rsv2=False, rsv3=False)
2019-10-23 17:02:46,629  client < Frame(fin=True, opcode=10, data=b'.\x83\x8e\xf3', rsv1=False, rsv2=False, rsv3=False)
2019-10-23 17:02:46,630  client - received solicited pong: 2e838ef3
2019-10-23 17:02:58,941  client < Frame(fin=True, opcode=9, data=b'Md6M', rsv1=False, rsv2=False, rsv3=False)
2019-10-23 17:02:58,941  client - received ping, sending pong: 4d64364d
2019-10-23 17:02:58,941  client > Frame(fin=True, opcode=10, data=b'Md6M', rsv1=False, rsv2=False, rsv3=False)
2019-10-23 17:03:06,630  client > Frame(fin=True, opcode=9, data=b'\x03\xcc\xf8\x9b', rsv1=False, rsv2=False, rsv3=False)
2019-10-23 17:03:06,632  client < Frame(fin=True, opcode=10, data=b'\x03\xcc\xf8\x9b', rsv1=False, rsv2=False, rsv3=False)
2019-10-23 17:03:06,633  client - received solicited pong: 03ccf89b
2019-10-23 17:03:18,944  client < Frame(fin=True, opcode=9, data=b'Pwam', rsv1=False, rsv2=False, rsv3=False)
2019-10-23 17:03:18,944  client - received ping, sending pong: 5077616d
2019-10-23 17:03:18,945  client > Frame(fin=True, opcode=10, data=b'Pwam', rsv1=False, rsv2=False, rsv3=False)
2019-10-23 17:03:26,634  client > Frame(fin=True, opcode=9, data=b'Lj\x86@', rsv1=False, rsv2=False, rsv3=False)
2019-10-23 17:03:26,636  client < Frame(fin=True, opcode=10, data=b'Lj\x86@', rsv1=False, rsv2=False, rsv3=False)
2019-10-23 17:03:26,637  client - received solicited pong: 4c6a8640
2019-10-23 17:03:40,941  client < Frame(fin=True, opcode=9, data=b'5i2M', rsv1=False, rsv2=False, rsv3=False)
2019-10-23 17:03:40,941  client - received ping, sending pong: 3569324d
2019-10-23 17:03:40,941  client > Frame(fin=True, opcode=10, data=b'5i2M', rsv1=False, rsv2=False, rsv3=False)
2019-10-23 17:03:46,646  client > Frame(fin=True, opcode=9, data=b')?{\x13', rsv1=False, rsv2=False, rsv3=False)
2019-10-23 17:03:46,648  client < Frame(fin=True, opcode=10, data=b')?{\x13', rsv1=False, rsv2=False, rsv3=False)
2019-10-23 17:03:46,648  client - received solicited pong: 293f7b13
2019-10-23 17:03:57,297  client - event = connection_lost([WinError 10054] An existing connection was forcibly closed by the remote host)
2019-10-23 17:03:57,298  client - state = CLOSED
2019-10-23 17:03:57,298  client x code = 1006, reason = [no reason]
2019-10-23 17:03:57,298  client ! failing CLOSED WebSocket connection with code 1006
